<?xml version="1.0" encoding="UTF-8"?>
<!-- Generated by org.testng.reporters.JUnitXMLReporter -->
<testsuite hostname="IN2196867W4" ignored="0" name="Test" tests="4" failures="0" timestamp="2021-05-10T08:37:04 IST" time="67.087" errors="0">
  <testcase name="loginandlogout" time="20.612" classname="facebookproject.facebookloginandlogout"/>
  <testcase name="loginandlogout" time="26.661" classname="facebookproject.facebookloginandlogout"/>
  <testcase name="loginandlogout" time="13.043" classname="facebookproject.facebookloginandlogout"/>
  <testcase name="accoutncreate" time="2.133" classname="facebookproject.facebookaccountcreation"/>
</testsuite> <!-- Test -->
