<?xml version="1.0" encoding="UTF-8"?>
<!-- Generated by org.testng.reporters.JUnitXMLReporter -->
<testsuite hostname="IN2196867W4" ignored="0" name="Test" tests="4" failures="0" timestamp="2021-05-14T10:03:34 IST" time="89.892" errors="0">
  <testcase name="loginandlogout" time="21.643" classname="facebookproject.facebookloginandlogout"/>
  <testcase name="loginandlogout" time="36.393" classname="facebookproject.facebookloginandlogout"/>
  <testcase name="loginandlogout" time="23.184" classname="facebookproject.facebookloginandlogout"/>
  <testcase name="accoutncreate" time="4.055" classname="facebookproject.facebookaccountcreation"/>
</testsuite> <!-- Test -->
