<?xml version="1.0" encoding="UTF-8"?>
<testng-results skipped="0" failed="0" ignored="0" total="4" passed="4">
  <reporter-output>
  </reporter-output>
  <suite name="Suite" duration-ms="89892" started-at="2021-05-14T10:02:04 IST" finished-at="2021-05-14T10:03:34 IST">
    <groups>
    </groups>
    <test name="Test" duration-ms="89892" started-at="2021-05-14T10:02:04 IST" finished-at="2021-05-14T10:03:34 IST">
      <class name="facebookproject.facebookloginandlogout">
        <test-method status="PASS" signature="launch()[pri:0, instance:facebookproject.facebookloginandlogout@2f943d71]" name="launch" is-config="true" duration-ms="16777" started-at="2021-05-14T10:01:47 IST" finished-at="2021-05-14T10:02:04 IST">
          <reporter-output>
          </reporter-output>
        </test-method> <!-- launch -->
        <test-method status="PASS" signature="urllaunch()[pri:0, instance:facebookproject.facebookloginandlogout@2f943d71]" name="urllaunch" is-config="true" duration-ms="3027" started-at="2021-05-14T10:02:04 IST" finished-at="2021-05-14T10:02:07 IST">
          <reporter-output>
          </reporter-output>
        </test-method> <!-- urllaunch -->
        <test-method status="PASS" signature="loginandlogout(java.lang.String,java.lang.String)[pri:0, instance:facebookproject.facebookloginandlogout@2f943d71]" name="loginandlogout" duration-ms="21643" started-at="2021-05-14T10:02:08 IST" data-provider="excel" finished-at="2021-05-14T10:02:30 IST">
          <params>
            <param index="0">
              <value>
                <![CDATA[kumar.sathish189@gmail.com]]>
              </value>
            </param>
            <param index="1">
              <value>
                <![CDATA[Admin@123]]>
              </value>
            </param>
          </params>
          <reporter-output>
          </reporter-output>
        </test-method> <!-- loginandlogout -->
        <test-method status="PASS" signature="loginandlogout(java.lang.String,java.lang.String)[pri:0, instance:facebookproject.facebookloginandlogout@2f943d71]" name="loginandlogout" duration-ms="36393" started-at="2021-05-14T10:02:30 IST" data-provider="excel" finished-at="2021-05-14T10:03:07 IST">
          <params>
            <param index="0">
              <value>
                <![CDATA[kumar.sathish189@gmail.com]]>
              </value>
            </param>
            <param index="1">
              <value>
                <![CDATA[Admin@123]]>
              </value>
            </param>
          </params>
          <reporter-output>
          </reporter-output>
        </test-method> <!-- loginandlogout -->
        <test-method status="PASS" signature="loginandlogout(java.lang.String,java.lang.String)[pri:0, instance:facebookproject.facebookloginandlogout@2f943d71]" name="loginandlogout" duration-ms="23184" started-at="2021-05-14T10:03:07 IST" data-provider="excel" finished-at="2021-05-14T10:03:30 IST">
          <params>
            <param index="0">
              <value>
                <![CDATA[kumar.sathish189@gmail.com]]>
              </value>
            </param>
            <param index="1">
              <value>
                <![CDATA[Admin@123]]>
              </value>
            </param>
          </params>
          <reporter-output>
          </reporter-output>
        </test-method> <!-- loginandlogout -->
        <test-method status="PASS" signature="teardown()[pri:0, instance:facebookproject.facebookloginandlogout@2f943d71]" name="teardown" is-config="true" duration-ms="3063" started-at="2021-05-14T10:03:34 IST" finished-at="2021-05-14T10:03:37 IST">
          <reporter-output>
          </reporter-output>
        </test-method> <!-- teardown -->
      </class> <!-- facebookproject.facebookloginandlogout -->
      <class name="facebookproject.facebookaccountcreation">
        <test-method status="PASS" signature="createaccountbuttonclick()[pri:0, instance:facebookproject.facebookaccountcreation@7d70d1b1]" name="createaccountbuttonclick" is-config="true" duration-ms="349" started-at="2021-05-14T10:03:30 IST" finished-at="2021-05-14T10:03:30 IST">
          <reporter-output>
          </reporter-output>
        </test-method> <!-- createaccountbuttonclick -->
        <test-method status="PASS" signature="accoutncreate()[pri:1, instance:facebookproject.facebookaccountcreation@7d70d1b1]" name="accoutncreate" duration-ms="4055" started-at="2021-05-14T10:03:30 IST" finished-at="2021-05-14T10:03:34 IST">
          <reporter-output>
          </reporter-output>
        </test-method> <!-- accoutncreate -->
      </class> <!-- facebookproject.facebookaccountcreation -->
    </test> <!-- Test -->
  </suite> <!-- Suite -->
</testng-results>
