<?xml version="1.0" encoding="UTF-8"?>
<testng-results skipped="0" failed="0" ignored="0" total="4" passed="4">
  <reporter-output>
  </reporter-output>
  <suite name="Suite" duration-ms="67087" started-at="2021-05-10T08:35:57 IST" finished-at="2021-05-10T08:37:04 IST">
    <groups>
    </groups>
    <test name="Test" duration-ms="67087" started-at="2021-05-10T08:35:57 IST" finished-at="2021-05-10T08:37:04 IST">
      <class name="facebookproject.facebookloginandlogout">
        <test-method status="PASS" signature="launch()[pri:0, instance:facebookproject.facebookloginandlogout@670b40af]" name="launch" is-config="true" duration-ms="8536" started-at="2021-05-10T08:35:49 IST" finished-at="2021-05-10T08:35:57 IST">
          <reporter-output>
          </reporter-output>
        </test-method> <!-- launch -->
        <test-method status="PASS" signature="urllaunch()[pri:0, instance:facebookproject.facebookloginandlogout@670b40af]" name="urllaunch" is-config="true" duration-ms="2885" started-at="2021-05-10T08:35:57 IST" finished-at="2021-05-10T08:36:00 IST">
          <reporter-output>
          </reporter-output>
        </test-method> <!-- urllaunch -->
        <test-method status="PASS" signature="loginandlogout(java.lang.String, java.lang.String)[pri:0, instance:facebookproject.facebookloginandlogout@670b40af]" name="loginandlogout" duration-ms="20612" started-at="2021-05-10T08:36:02 IST" data-provider="excel" finished-at="2021-05-10T08:36:22 IST">
          <params>
            <param index="0">
              <value>
                <![CDATA[kumar.sathish189@gmail.com]]>
              </value>
            </param>
            <param index="1">
              <value>
                <![CDATA[Admin@123]]>
              </value>
            </param>
          </params>
          <reporter-output>
          </reporter-output>
        </test-method> <!-- loginandlogout -->
        <test-method status="PASS" signature="loginandlogout(java.lang.String, java.lang.String)[pri:0, instance:facebookproject.facebookloginandlogout@670b40af]" name="loginandlogout" duration-ms="26661" started-at="2021-05-10T08:36:22 IST" data-provider="excel" finished-at="2021-05-10T08:36:49 IST">
          <params>
            <param index="0">
              <value>
                <![CDATA[kumar.sathish189@gmail.com]]>
              </value>
            </param>
            <param index="1">
              <value>
                <![CDATA[Admin@123]]>
              </value>
            </param>
          </params>
          <reporter-output>
          </reporter-output>
        </test-method> <!-- loginandlogout -->
        <test-method status="PASS" signature="loginandlogout(java.lang.String, java.lang.String)[pri:0, instance:facebookproject.facebookloginandlogout@670b40af]" name="loginandlogout" duration-ms="13043" started-at="2021-05-10T08:36:49 IST" data-provider="excel" finished-at="2021-05-10T08:37:02 IST">
          <params>
            <param index="0">
              <value>
                <![CDATA[kumar.sathish189@gmail.com]]>
              </value>
            </param>
            <param index="1">
              <value>
                <![CDATA[Admin@123]]>
              </value>
            </param>
          </params>
          <reporter-output>
          </reporter-output>
        </test-method> <!-- loginandlogout -->
        <test-method status="PASS" signature="teardown()[pri:0, instance:facebookproject.facebookloginandlogout@670b40af]" name="teardown" is-config="true" duration-ms="1955" started-at="2021-05-10T08:37:04 IST" finished-at="2021-05-10T08:37:06 IST">
          <reporter-output>
          </reporter-output>
        </test-method> <!-- teardown -->
      </class> <!-- facebookproject.facebookloginandlogout -->
      <class name="facebookproject.facebookaccountcreation">
        <test-method status="PASS" signature="createaccountbuttonclick()[pri:0, instance:facebookproject.facebookaccountcreation@4923ab24]" name="createaccountbuttonclick" is-config="true" duration-ms="298" started-at="2021-05-10T08:37:02 IST" finished-at="2021-05-10T08:37:02 IST">
          <reporter-output>
          </reporter-output>
        </test-method> <!-- createaccountbuttonclick -->
        <test-method status="PASS" signature="accoutncreate()[pri:1, instance:facebookproject.facebookaccountcreation@4923ab24]" name="accoutncreate" duration-ms="2133" started-at="2021-05-10T08:37:02 IST" finished-at="2021-05-10T08:37:04 IST">
          <reporter-output>
          </reporter-output>
        </test-method> <!-- accoutncreate -->
      </class> <!-- facebookproject.facebookaccountcreation -->
    </test> <!-- Test -->
  </suite> <!-- Suite -->
</testng-results>
